<?xml version="1.0" encoding="utf-8"?>
<test-run id="2" testcasecount="117" result="Passed" total="117" passed="117" failed="0" inconclusive="0" skipped="0" asserts="0" engine-version="3.5.0.0" clr-version="4.0.30319.42000" start-time="2026-04-19 12:51:59Z" end-time="2026-04-19 12:52:00Z" duration="0.7979207">
  <test-suite type="TestSuite" id="1000" name="Forever engin" fullname="Forever engin" runstate="Runnable" testcasecount="117" result="Passed" start-time="2026-04-19 12:51:59Z" end-time="2026-04-19 12:52:00Z" duration="0.797921" total="117" passed="117" failed="0" inconclusive="0" skipped="0" asserts="0">
    <properties>
      <property name="platform" value="EditMode" />
    </properties>
    <test-suite type="Assembly" id="1150" name="ForeverEngine.Tests.EditMode.dll" fullname="C:/Dev/Forever engine/Library/ScriptAssemblies/ForeverEngine.Tests.EditMode.dll" runstate="Runnable" testcasecount="117" result="Passed" start-time="2026-04-19 12:51:59Z" end-time="2026-04-19 12:52:00Z" duration="0.793827" total="117" passed="117" failed="0" inconclusive="0" skipped="0" asserts="0">
      <properties>
        <property name="_PID" value="11968" />
        <property name="_APPDOMAIN" value="Unity Child Domain" />
        <property name="platform" value="EditMode" />
        <property name="EditorOnly" value="True" />
      </properties>
      <test-suite type="TestSuite" id="1151" name="ForeverEngine" fullname="ForeverEngine" runstate="Runnable" testcasecount="117" result="Passed" start-time="2026-04-19 12:51:59Z" end-time="2026-04-19 12:52:00Z" duration="0.793635" total="117" passed="117" failed="0" inconclusive="0" skipped="0" asserts="0">
        <properties />
        <test-suite type="TestSuite" id="1152" name="Tests" fullname="ForeverEngine.Tests" runstate="Runnable" testcasecount="117" result="Passed" start-time="2026-04-19 12:51:59Z" end-time="2026-04-19 12:52:00Z" duration="0.793161" total="117" passed="117" failed="0" inconclusive="0" skipped="0" asserts="0">
          <properties />
          <test-suite type="TestFixture" id="1001" name="AIDecisionJobTests" fullname="ForeverEngine.Tests.AIDecisionJobTests" classname="ForeverEngine.Tests.AIDecisionJobTests" runstate="Runnable" testcasecount="4" result="Passed" start-time="2026-04-19 12:51:59Z" end-time="2026-04-19 12:51:59Z" duration="0.017706" total="4" passed="4" failed="0" inconclusive="0" skipped="0" asserts="0">
            <properties />
            <test-case id="1002" name="Chase_Adjacent_Attacks" fullname="ForeverEngine.Tests.AIDecisionJobTests.Chase_Adjacent_Attacks" methodname="Chase_Adjacent_Attacks" classname="ForeverEngine.Tests.AIDecisionJobTests" runstate="Runnable" seed="114452045" result="Passed" start-time="2026-04-19 12:51:59Z" end-time="2026-04-19 12:51:59Z" duration="0.010424" asserts="0">
              <properties>
                <property name="retryIteration" value="0" />
                <property name="repeatIteration" value="0" />
              </properties>
            </test-case>
            <test-case id="1003" name="Chase_FarAway_Moves" fullname="ForeverEngine.Tests.AIDecisionJobTests.Chase_FarAway_Moves" methodname="Chase_FarAway_Moves" classname="ForeverEngine.Tests.AIDecisionJobTests" runstate="Runnable" seed="337764083" result="Passed" start-time="2026-04-19 12:51:59Z" end-time="2026-04-19 12:51:59Z" duration="0.000390" asserts="0">
              <properties>
                <property name="retryIteration" value="0" />
                <property name="repeatIteration" value="0" />
              </properties>
            </test-case>
            <test-case id="1005" name="Dead_DoesNothing" fullname="ForeverEngine.Tests.AIDecisionJobTests.Dead_DoesNothing" methodname="Dead_DoesNothing" classname="ForeverEngine.Tests.AIDecisionJobTests" runstate="Runnable" seed="266628429" result="Passed" start-time="2026-04-19 12:51:59Z" end-time="2026-04-19 12:51:59Z" duration="0.000373" asserts="0">
              <properties>
                <property name="retryIteration" value="0" />
                <property name="repeatIteration" value="0" />
              </properties>
            </test-case>
            <test-case id="1004" name="Static_DoesNothing" fullname="ForeverEngine.Tests.AIDecisionJobTests.Static_DoesNothing" methodname="Static_DoesNothing" classname="ForeverEngine.Tests.AIDecisionJobTests" runstate="Runnable" seed="1315319519" result="Passed" start-time="2026-04-19 12:51:59Z" end-time="2026-04-19 12:51:59Z" duration="0.000320" asserts="0">
              <properties>
                <property name="retryIteration" value="0" />
                <property name="repeatIteration" value="0" />
              </properties>
            </test-case>
          </test-suite>
          <test-suite type="TestFixture" id="1006" name="AnimationTests" fullname="ForeverEngine.Tests.AnimationTests" classname="ForeverEngine.Tests.AnimationTests" runstate="Runnable" testcasecount="5" result="Passed" start-time="2026-04-19 12:51:59Z" end-time="2026-04-19 12:51:59Z" duration="0.001446" total="5" passed="5" failed="0" inconclusive="0" skipped="0" asserts="0">
            <properties />
            <test-case id="1008" name="Advance_ProgressesFrames" fullname="ForeverEngine.Tests.AnimationTests.Advance_ProgressesFrames" methodname="Advance_ProgressesFrames" classname="ForeverEngine.Tests.AnimationTests" runstate="Runnable" seed="1967970982" result="Passed" start-time="2026-04-19 12:51:59Z" end-time="2026-04-19 12:51:59Z" duration="0.000516" asserts="0">
              <properties>
                <property name="retryIteration" value="0" />
                <property name="repeatIteration" value="0" />
              </properties>
            </test-case>
            <test-case id="1009" name="Loop_WrapsAround" fullname="ForeverEngine.Tests.AnimationTests.Loop_WrapsAround" methodname="Loop_WrapsAround" classname="ForeverEngine.Tests.AnimationTests" runstate="Runnable" seed="1480486708" result="Passed" start-time="2026-04-19 12:51:59Z" end-time="2026-04-19 12:51:59Z" duration="0.000248" asserts="0">
              <properties>
                <property name="retryIteration" value="0" />
                <property name="repeatIteration" value="0" />
              </properties>
            </test-case>
            <test-case id="1007" name="NewAnimation_StartsAtFrame0" fullname="ForeverEngine.Tests.AnimationTests.NewAnimation_StartsAtFrame0" methodname="NewAnimation_StartsAtFrame0" classname="ForeverEngine.Tests.AnimationTests" runstate="Runnable" seed="1282169129" result="Passed" start-time="2026-04-19 12:51:59Z" end-time="2026-04-19 12:51:59Z" duration="0.000056" asserts="0">
              <properties>
                <property name="retryIteration" value="0" />
                <property name="repeatIteration" value="0" />
              </properties>
            </test-case>
            <test-case id="1010" name="NoLoop_StopsAtEnd" fullname="ForeverEngine.Tests.AnimationTests.NoLoop_StopsAtEnd" methodname="NoLoop_StopsAtEnd" classname="ForeverEngine.Tests.AnimationTests" runstate="Runnable" seed="1706477472" result="Passed" start-time="2026-04-19 12:51:59Z" end-time="2026-04-19 12:51:59Z" duration="0.000121" asserts="0">
              <properties>
                <property name="retryIteration" value="0" />
                <property name="repeatIteration" value="0" />
              </properties>
            </test-case>
            <test-case id="1011" name="SpeedMultiplier_AffectsRate" fullname="ForeverEngine.Tests.AnimationTests.SpeedMultiplier_AffectsRate" methodname="SpeedMultiplier_AffectsRate" classname="ForeverEngine.Tests.AnimationTests" runstate="Runnable" seed="1939681785" result="Passed" start-time="2026-04-19 12:51:59Z" end-time="2026-04-19 12:51:59Z" duration="0.000060" asserts="0">
              <properties>
                <property name="retryIteration" value="0" />
                <property name="repeatIteration" value="0" />
              </properties>
            </test-case>
          </test-suite>
          <test-suite type="TestSuite" id="1157" name="Bridges" fullname="ForeverEngine.Tests.Bridges" runstate="Runnable" testcasecount="4" result="Passed" start-time="2026-04-19 12:51:59Z" end-time="2026-04-19 12:51:59Z" duration="0.002022" total="4" passed="4" failed="0" inconclusive="0" skipped="0" asserts="0">
            <properties />
            <test-suite type="TestFixture" id="1143" name="AssetClientTests" fullname="ForeverEngine.Tests.Bridges.AssetClientTests" classname="ForeverEngine.Tests.Bridges.AssetClientTests" runstate="Runnable" testcasecount="2" result="Passed" start-time="2026-04-19 12:51:59Z" end-time="2026-04-19 12:51:59Z" duration="0.000562" total="2" passed="2" failed="0" inconclusive="0" skipped="0" asserts="0">
              <properties />
              <test-case id="1144" name="DefaultBaseUrlIsAssetManagerPort" fullname="ForeverEngine.Tests.Bridges.AssetClientTests.DefaultBaseUrlIsAssetManagerPort" methodname="DefaultBaseUrlIsAssetManagerPort" classname="ForeverEngine.Tests.Bridges.AssetClientTests" runstate="Runnable" seed="597507093" result="Passed" start-time="2026-04-19 12:51:59Z" end-time="2026-04-19 12:51:59Z" duration="0.000208" asserts="0">
                <properties>
                  <property name="retryIteration" value="0" />
                  <property name="repeatIteration" value="0" />
                </properties>
              </test-case>
              <test-case id="1145" name="TrailingSlashIsTrimmed" fullname="ForeverEngine.Tests.Bridges.AssetClientTests.TrailingSlashIsTrimmed" methodname="TrailingSlashIsTrimmed" classname="ForeverEngine.Tests.Bridges.AssetClientTests" runstate="Runnable" seed="1857467456" result="Passed" start-time="2026-04-19 12:51:59Z" end-time="2026-04-19 12:51:59Z" duration="0.000094" asserts="0">
                <properties>
                  <property name="retryIteration" value="0" />
                  <property name="repeatIteration" value="0" />
                </properties>
              </test-case>
            </test-suite>
            <test-suite type="TestFixture" id="1146" name="DirectorClientTests" fullname="ForeverEngine.Tests.Bridges.DirectorClientTests" classname="ForeverEngine.Tests.Bridges.DirectorClientTests" runstate="Runnable" testcasecount="1" result="Passed" start-time="2026-04-19 12:51:59Z" end-time="2026-04-19 12:51:59Z" duration="0.000309" total="1" passed="1" failed="0" inconclusive="0" skipped="0" asserts="0">
              <properties />
              <test-case id="1147" name="DefaultBaseUrlIsDirectorHubPort" fullname="ForeverEngine.Tests.Bridges.DirectorClientTests.DefaultBaseUrlIsDirectorHubPort" methodname="DefaultBaseUrlIsDirectorHubPort" classname="ForeverEngine.Tests.Bridges.DirectorClientTests" runstate="Runnable" seed="984589400" result="Passed" start-time="2026-04-19 12:51:59Z" end-time="2026-04-19 12:51:59Z" duration="0.000071" asserts="0">
                <properties>
                  <property name="retryIteration" value="0" />
                  <property name="repeatIteration" value="0" />
                </properties>
              </test-case>
            </test-suite>
            <test-suite type="TestFixture" id="1148" name="ServiceWatchdogTests" fullname="ForeverEngine.Tests.Bridges.ServiceWatchdogTests" classname="ForeverEngine.Tests.Bridges.ServiceWatchdogTests" runstate="Runnable" testcasecount="1" result="Passed" start-time="2026-04-19 12:51:59Z" end-time="2026-04-19 12:51:59Z" duration="0.000973" total="1" passed="1" failed="0" inconclusive="0" skipped="0" asserts="0">
              <properties />
              <test-case id="1149" name="StartsInUnknownState" fullname="ForeverEngine.Tests.Bridges.ServiceWatchdogTests.StartsInUnknownState" methodname="StartsInUnknownState" classname="ForeverEngine.Tests.Bridges.ServiceWatchdogTests" runstate="Runnable" seed="143808386" result="Passed" start-time="2026-04-19 12:51:59Z" end-time="2026-04-19 12:51:59Z" duration="0.000723" asserts="0">
                <properties>
                  <property name="retryIteration" value="0" />
                  <property name="repeatIteration" value="0" />
                </properties>
              </test-case>
            </test-suite>
          </test-suite>
          <test-suite type="TestFixture" id="1012" name="CombatJobTests" fullname="ForeverEngine.Tests.CombatJobTests" classname="ForeverEngine.Tests.CombatJobTests" runstate="Runnable" testcasecount="3" result="Passed" start-time="2026-04-19 12:51:59Z" end-time="2026-04-19 12:51:59Z" duration="0.003370" total="3" passed="3" failed="0" inconclusive="0" skipped="0" asserts="0">
            <properties />
            <test-case id="1013" name="Attack_HitAndDamage" fullname="ForeverEngine.Tests.CombatJobTests.Attack_HitAndDamage" methodname="Attack_HitAndDamage" classname="ForeverEngine.Tests.CombatJobTests" runstate="Runnable" seed="844294758" result="Passed" start-time="2026-04-19 12:51:59Z" end-time="2026-04-19 12:51:59Z" duration="0.002234" asserts="0">
              <properties>
                <property name="retryIteration" value="0" />
                <property name="repeatIteration" value="0" />
              </properties>
            </test-case>
            <test-case id="1014" name="Attack_NatOne_AlwaysMisses" fullname="ForeverEngine.Tests.CombatJobTests.Attack_NatOne_AlwaysMisses" methodname="Attack_NatOne_AlwaysMisses" classname="ForeverEngine.Tests.CombatJobTests" runstate="Runnable" seed="1747522156" result="Passed" start-time="2026-04-19 12:51:59Z" end-time="2026-04-19 12:51:59Z" duration="0.000275" asserts="0">
              <properties>
                <property name="retryIteration" value="0" />
                <property name="repeatIteration" value="0" />
              </properties>
            </test-case>
            <test-case id="1015" name="Attack_NatTwenty_AlwaysHits" fullname="ForeverEngine.Tests.CombatJobTests.Attack_NatTwenty_AlwaysHits" methodname="Attack_NatTwenty_AlwaysHits" classname="ForeverEngine.Tests.CombatJobTests" runstate="Runnable" seed="44705720" result="Passed" start-time="2026-04-19 12:51:59Z" end-time="2026-04-19 12:51:59Z" duration="0.000285" asserts="0">
              <properties>
                <property name="retryIteration" value="0" />
                <property name="repeatIteration" value="0" />
              </properties>
            </test-case>
          </test-suite>
          <test-suite type="TestSuite" id="1156" name="Demo" fullname="ForeverEngine.Tests.Demo" runstate="Runnable" testcasecount="6" result="Passed" start-time="2026-04-19 12:51:59Z" end-time="2026-04-19 12:51:59Z" duration="0.137303" total="6" passed="6" failed="0" inconclusive="0" skipped="0" asserts="0">
            <properties />
            <test-suite type="TestFixture" id="1136" name="DialoguePanelTests" fullname="ForeverEngine.Tests.Demo.DialoguePanelTests" classname="ForeverEngine.Tests.Demo.DialoguePanelTests" runstate="Runnable" testcasecount="6" result="Passed" start-time="2026-04-19 12:51:59Z" end-time="2026-04-19 12:51:59Z" duration="0.137181" total="6" passed="6" failed="0" inconclusive="0" skipped="0" asserts="0">
              <properties />
              <test-case id="1139" name="CloseHidesPanel" fullname="ForeverEngine.Tests.Demo.DialoguePanelTests.CloseHidesPanel" methodname="CloseHidesPanel" classname="ForeverEngine.Tests.Demo.DialoguePanelTests" runstate="Runnable" seed="1634191612" result="Passed" start-time="2026-04-19 12:51:59Z" end-time="2026-04-19 12:51:59Z" duration="0.132807" asserts="0">
                <properties>
                  <property name="retryIteration" value="0" />
                  <property name="repeatIteration" value="0" />
                </properties>
              </test-case>
              <test-case id="1137" name="NewPanelStartsClosed" fullname="ForeverEngine.Tests.Demo.DialoguePanelTests.NewPanelStartsClosed" methodname="NewPanelStartsClosed" classname="ForeverEngine.Tests.Demo.DialoguePanelTests" runstate="Runnable" seed="739492892" result="Passed" start-time="2026-04-19 12:51:59Z" end-time="2026-04-19 12:51:59Z" duration="0.000570" asserts="0">
                <properties>
                  <property name="retryIteration" value="0" />
                  <property name="repeatIteration" value="0" />
                </properties>
              </test-case>
              <test-case id="1140" name="ShowAcceptsNullNpcId" fullname="ForeverEngine.Tests.Demo.DialoguePanelTests.ShowAcceptsNullNpcId" methodname="ShowAcceptsNullNpcId" classname="ForeverEngine.Tests.Demo.DialoguePanelTests" runstate="Runnable" seed="1595268696" result="Passed" start-time="2026-04-19 12:51:59Z" end-time="2026-04-19 12:51:59Z" duration="0.001371" asserts="0">
                <properties>
                  <property name="retryIteration" value="0" />
                  <property name="repeatIteration" value="0" />
                </properties>
              </test-case>
              <test-case id="1141" name="ShowDoesNotThrowWithEmptyHistory" fullname="ForeverEngine.Tests.Demo.DialoguePanelTests.ShowDoesNotThrowWithEmptyHistory" methodname="ShowDoesNotThrowWithEmptyHistory" classname="ForeverEngine.Tests.Demo.DialoguePanelTests" runstate="Runnable" seed="806954816" result="Passed" start-time="2026-04-19 12:51:59Z" end-time="2026-04-19 12:51:59Z" duration="0.000787" asserts="0">
                <properties>
                  <property name="retryIteration" value="0" />
                  <property name="repeatIteration" value="0" />
                </properties>
              </test-case>
              <test-case id="1138" name="ShowOpensPanel" fullname="ForeverEngine.Tests.Demo.DialoguePanelTests.ShowOpensPanel" methodname="ShowOpensPanel" classname="ForeverEngine.Tests.Demo.DialoguePanelTests" runstate="Runnable" seed="2143165110" result="Passed" start-time="2026-04-19 12:51:59Z" end-time="2026-04-19 12:51:59Z" duration="0.000506" asserts="0">
                <properties>
                  <property name="retryIteration" value="0" />
                  <property name="repeatIteration" value="0" />
                </properties>
              </test-case>
              <test-case id="1142" name="UxmlAssetLoadsAndBindsAllNamedElements" fullname="ForeverEngine.Tests.Demo.DialoguePanelTests.UxmlAssetLoadsAndBindsAllNamedElements" methodname="UxmlAssetLoadsAndBindsAllNamedElements" classname="ForeverEngine.Tests.Demo.DialoguePanelTests" runstate="Runnable" seed="1895719399" result="Passed" start-time="2026-04-19 12:51:59Z" end-time="2026-04-19 12:51:59Z" duration="0.000587" asserts="0">
                <properties>
                  <property name="retryIteration" value="0" />
                  <property name="repeatIteration" value="0" />
                </properties>
              </test-case>
            </test-suite>
          </test-suite>
          <test-suite type="TestFixture" id="1016" name="DiceRollerTests" fullname="ForeverEngine.Tests.DiceRollerTests" classname="ForeverEngine.Tests.DiceRollerTests" runstate="Runnable" testcasecount="8" result="Passed" start-time="2026-04-19 12:51:59Z" end-time="2026-04-19 12:52:00Z" duration="0.232619" total="8" passed="8" failed="0" inconclusive="0" skipped="0" asserts="0">
            <properties />
            <test-case id="1024" name="AbilityModifier_Standard" fullname="ForeverEngine.Tests.DiceRollerTests.AbilityModifier_Standard" methodname="AbilityModifier_Standard" classname="ForeverEngine.Tests.DiceRollerTests" runstate="Runnable" seed="1699683295" result="Passed" start-time="2026-04-19 12:52:00Z" end-time="2026-04-19 12:52:00Z" duration="0.000684" asserts="0">
              <properties>
                <property name="retryIteration" value="0" />
                <property name="repeatIteration" value="0" />
              </properties>
            </test-case>
            <test-case id="1021" name="ParseDice_Invalid_ReturnsDefaults" fullname="ForeverEngine.Tests.DiceRollerTests.ParseDice_Invalid_ReturnsDefaults" methodname="ParseDice_Invalid_ReturnsDefaults" classname="ForeverEngine.Tests.DiceRollerTests" runstate="Runnable" seed="423875871" result="Passed" start-time="2026-04-19 12:52:00Z" end-time="2026-04-19 12:52:00Z" duration="0.000286" asserts="0">
              <properties>
                <property name="retryIteration" value="0" />
                <property name="repeatIteration" value="0" />
              </properties>
            </test-case>
            <test-case id="1017" name="ParseDice_Simple_1d6" fullname="ForeverEngine.Tests.DiceRollerTests.ParseDice_Simple_1d6" methodname="ParseDice_Simple_1d6" classname="ForeverEngine.Tests.DiceRollerTests" runstate="Runnable" seed="585688501" result="Passed" start-time="2026-04-19 12:52:00Z" end-time="2026-04-19 12:52:00Z" duration="0.000098" asserts="0">
              <properties>
                <property name="retryIteration" value="0" />
                <property name="repeatIteration" value="0" />
              </properties>
            </test-case>
            <test-case id="1020" name="ParseDice_Uppercase_3D10Plus5" fullname="ForeverEngine.Tests.DiceRollerTests.ParseDice_Uppercase_3D10Plus5" methodname="ParseDice_Uppercase_3D10Plus5" classname="ForeverEngine.Tests.DiceRollerTests" runstate="Runnable" seed="1237329901" result="Passed" start-time="2026-04-19 12:52:00Z" end-time="2026-04-19 12:52:00Z" duration="0.000063" asserts="0">
              <properties>
                <property name="retryIteration" value="0" />
                <property name="repeatIteration" value="0" />
              </properties>
            </test-case>
            <test-case id="1018" name="ParseDice_WithBonus_2d8Plus3" fullname="ForeverEngine.Tests.DiceRollerTests.ParseDice_WithBonus_2d8Plus3" methodname="ParseDice_WithBonus_2d8Plus3" classname="ForeverEngine.Tests.DiceRollerTests" runstate="Runnable" seed="469461651" result="Passed" start-time="2026-04-19 12:52:00Z" end-time="2026-04-19 12:52:00Z" duration="0.000052" asserts="0">
              <properties>
                <property name="retryIteration" value="0" />
                <property name="repeatIteration" value="0" />
              </properties>
            </test-case>
            <test-case id="1019" name="ParseDice_WithPenalty_1d4Minus1" fullname="ForeverEngine.Tests.DiceRollerTests.ParseDice_WithPenalty_1d4Minus1" methodname="ParseDice_WithPenalty_1d4Minus1" classname="ForeverEngine.Tests.DiceRollerTests" runstate="Runnable" seed="1612280904" result="Passed" start-time="2026-04-19 12:52:00Z" end-time="2026-04-19 12:52:00Z" duration="0.000052" asserts="0">
              <properties>
                <property name="retryIteration" value="0" />
                <property name="repeatIteration" value="0" />
              </properties>
            </test-case>
            <test-case id="1022" name="Roll_1d6_InRange" fullname="ForeverEngine.Tests.DiceRollerTests.Roll_1d6_InRange" methodname="Roll_1d6_InRange" classname="ForeverEngine.Tests.DiceRollerTests" runstate="Runnable" seed="1575712819" result="Passed" start-time="2026-04-19 12:52:00Z" end-time="2026-04-19 12:52:00Z" duration="0.000674" asserts="0">
              <properties>
                <property name="retryIteration" value="0" />
                <property name="repeatIteration" value="0" />
              </properties>
            </test-case>
            <test-case id="1023" name="Roll_2d6Plus3_InRange" fullname="ForeverEngine.Tests.DiceRollerTests.Roll_2d6Plus3_InRange" methodname="Roll_2d6Plus3_InRange" classname="ForeverEngine.Tests.DiceRollerTests" runstate="Runnable" seed="174941371" result="Passed" start-time="2026-04-19 12:52:00Z" end-time="2026-04-19 12:52:00Z" duration="0.000218" asserts="0">
              <properties>
                <property name="retryIteration" value="0" />
                <property name="repeatIteration" value="0" />
              </properties>
            </test-case>
          </test-suite>
          <test-suite type="TestSuite" id="1153" name="EditMode" fullname="ForeverEngine.Tests.EditMode" runstate="Runnable" testcasecount="14" result="Passed" start-time="2026-04-19 12:52:00Z" end-time="2026-04-19 12:52:00Z" duration="0.316621" total="14" passed="14" failed="0" inconclusive="0" skipped="0" asserts="0">
            <properties />
            <test-suite type="TestSuite" id="1154" name="World" fullname="ForeverEngine.Tests.EditMode.World" runstate="Runnable" testcasecount="14" result="Passed" start-time="2026-04-19 12:52:00Z" end-time="2026-04-19 12:52:00Z" duration="0.316191" total="14" passed="14" failed="0" inconclusive="0" skipped="0" asserts="0">
              <properties />
              <test-suite type="TestFixture" id="1109" name="VoxelChunkRendererTests" fullname="ForeverEngine.Tests.EditMode.World.VoxelChunkRendererTests" classname="ForeverEngine.Tests.EditMode.World.VoxelChunkRendererTests" runstate="Runnable" testcasecount="3" result="Passed" start-time="2026-04-19 12:52:00Z" end-time="2026-04-19 12:52:00Z" duration="0.172899" total="3" passed="3" failed="0" inconclusive="0" skipped="0" asserts="0">
                <properties />
                <test-case id="1110" name="Render_AllSolidChunk_BuildsGameObject_WithMesh" fullname="ForeverEngine.Tests.EditMode.World.VoxelChunkRendererTests.Render_AllSolidChunk_BuildsGameObject_WithMesh" methodname="Render_AllSolidChunk_BuildsGameObject_WithMesh" classname="ForeverEngine.Tests.EditMode.World.VoxelChunkRendererTests" runstate="Runnable" seed="1625122185" result="Passed" start-time="2026-04-19 12:52:00Z" end-time="2026-04-19 12:52:00Z" duration="0.043837" asserts="0">
                  <properties>
                    <property name="retryIteration" value="0" />
                    <property name="repeatIteration" value="0" />
                  </properties>
                </test-case>
                <test-case id="1111" name="Render_ArriveThenDepart_RemovesGameObject" fullname="ForeverEngine.Tests.EditMode.World.VoxelChunkRendererTests.Render_ArriveThenDepart_RemovesGameObject" methodname="Render_ArriveThenDepart_RemovesGameObject" classname="ForeverEngine.Tests.EditMode.World.VoxelChunkRendererTests" runstate="Runnable" seed="2057914970" result="Passed" start-time="2026-04-19 12:52:00Z" end-time="2026-04-19 12:52:00Z" duration="0.044639" asserts="0">
                  <properties>
                    <property name="retryIteration" value="0" />
                    <property name="repeatIteration" value="0" />
                  </properties>
                </test-case>
                <test-case id="1112" name="Render_ArriveTwiceForSameCoord_ReplacesExistingGameObject" fullname="ForeverEngine.Tests.EditMode.World.VoxelChunkRendererTests.Render_ArriveTwiceForSameCoord_ReplacesExistingGameObject" methodname="Render_ArriveTwiceForSameCoord_ReplacesExistingGameObject" classname="ForeverEngine.Tests.EditMode.World.VoxelChunkRendererTests" runstate="Runnable" seed="118563902" result="Passed" start-time="2026-04-19 12:52:00Z" end-time="2026-04-19 12:52:00Z" duration="0.083686" asserts="0">
                  <properties>
                    <property name="retryIteration" value="0" />
                    <property name="repeatIteration" value="0" />
                  </properties>
                </test-case>
              </test-suite>
              <test-suite type="TestFixture" id="1113" name="VoxelChunkStreamerTests" fullname="ForeverEngine.Tests.EditMode.World.VoxelChunkStreamerTests" classname="ForeverEngine.Tests.EditMode.World.VoxelChunkStreamerTests" runstate="Runnable" testcasecount="2" result="Passed" start-time="2026-04-19 12:52:00Z" end-time="2026-04-19 12:52:00Z" duration="0.009605" total="2" passed="2" failed="0" inconclusive="0" skipped="0" asserts="0">
                <properties />
                <test-case id="1114" name="OnVoxelChunkSync_Homogenous_AddsChunkToStore" fullname="ForeverEngine.Tests.EditMode.World.VoxelChunkStreamerTests.OnVoxelChunkSync_Homogenous_AddsChunkToStore" methodname="OnVoxelChunkSync_Homogenous_AddsChunkToStore" classname="ForeverEngine.Tests.EditMode.World.VoxelChunkStreamerTests" runstate="Runnable" seed="915747468" result="Passed" start-time="2026-04-19 12:52:00Z" end-time="2026-04-19 12:52:00Z" duration="0.004863" asserts="0">
                  <properties>
                    <property name="retryIteration" value="0" />
                    <property name="repeatIteration" value="0" />
                  </properties>
                </test-case>
                <test-case id="1115" name="OnVoxelChunkUnsubscribe_RemovesChunk" fullname="ForeverEngine.Tests.EditMode.World.VoxelChunkStreamerTests.OnVoxelChunkUnsubscribe_RemovesChunk" methodname="OnVoxelChunkUnsubscribe_RemovesChunk" classname="ForeverEngine.Tests.EditMode.World.VoxelChunkStreamerTests" runstate="Runnable" seed="2064639175" result="Passed" start-time="2026-04-19 12:52:00Z" end-time="2026-04-19 12:52:00Z" duration="0.003630" asserts="0">
                  <properties>
                    <property name="retryIteration" value="0" />
                    <property name="repeatIteration" value="0" />
                  </properties>
                </test-case>
              </test-suite>
              <test-suite type="TestFixture" id="1116" name="VoxelLodBucketerTests" fullname="ForeverEngine.Tests.EditMode.World.VoxelLodBucketerTests" classname="ForeverEngine.Tests.EditMode.World.VoxelLodBucketerTests" runstate="Runnable" testcasecount="5" result="Passed" start-time="2026-04-19 12:52:00Z" end-time="2026-04-19 12:52:00Z" duration="0.001896" total="5" passed="5" failed="0" inconclusive="0" skipped="0" asserts="0">
                <properties />
                <test-case id="1117" name="CenterChunk_IsL0" fullname="ForeverEngine.Tests.EditMode.World.VoxelLodBucketerTests.CenterChunk_IsL0" methodname="CenterChunk_IsL0" classname="ForeverEngine.Tests.EditMode.World.VoxelLodBucketerTests" runstate="Runnable" seed="626231071" result="Passed" start-time="2026-04-19 12:52:00Z" end-time="2026-04-19 12:52:00Z" duration="0.000312" asserts="0">
                  <properties>
                    <property name="retryIteration" value="0" />
                    <property name="repeatIteration" value="0" />
                  </properties>
                </test-case>
                <test-case id="1121" name="FarOutOfRange_IsHidden_EvenAtHighSpeed" fullname="ForeverEngine.Tests.EditMode.World.VoxelLodBucketerTests.FarOutOfRange_IsHidden_EvenAtHighSpeed" methodname="FarOutOfRange_IsHidden_EvenAtHighSpeed" classname="ForeverEngine.Tests.EditMode.World.VoxelLodBucketerTests" runstate="Runnable" seed="1674671108" result="Passed" start-time="2026-04-19 12:52:00Z" end-time="2026-04-19 12:52:00Z" duration="0.000118" asserts="0">
                  <properties>
                    <property name="retryIteration" value="0" />
                    <property name="repeatIteration" value="0" />
                  </properties>
                </test-case>
                <test-case id="1119" name="FarRange_IsL2" fullname="ForeverEngine.Tests.EditMode.World.VoxelLodBucketerTests.FarRange_IsL2" methodname="FarRange_IsL2" classname="ForeverEngine.Tests.EditMode.World.VoxelLodBucketerTests" runstate="Runnable" seed="1382026841" result="Passed" start-time="2026-04-19 12:52:00Z" end-time="2026-04-19 12:52:00Z" duration="0.000060" asserts="0">
                  <properties>
                    <property name="retryIteration" value="0" />
                    <property name="repeatIteration" value="0" />
                  </properties>
                </test-case>
                <test-case id="1120" name="FastMovement_DropsAllToL2" fullname="ForeverEngine.Tests.EditMode.World.VoxelLodBucketerTests.FastMovement_DropsAllToL2" methodname="FastMovement_DropsAllToL2" classname="ForeverEngine.Tests.EditMode.World.VoxelLodBucketerTests" runstate="Runnable" seed="1803186114" result="Passed" start-time="2026-04-19 12:52:00Z" end-time="2026-04-19 12:52:00Z" duration="0.000073" asserts="0">
                  <properties>
                    <property name="retryIteration" value="0" />
                    <property name="repeatIteration" value="0" />
                  </properties>
                </test-case>
                <test-case id="1118" name="MidRange_IsL1" fullname="ForeverEngine.Tests.EditMode.World.VoxelLodBucketerTests.MidRange_IsL1" methodname="MidRange_IsL1" classname="ForeverEngine.Tests.EditMode.World.VoxelLodBucketerTests" runstate="Runnable" seed="289767251" result="Passed" start-time="2026-04-19 12:52:00Z" end-time="2026-04-19 12:52:00Z" duration="0.000065" asserts="0">
                  <properties>
                    <property name="retryIteration" value="0" />
                    <property name="repeatIteration" value="0" />
                  </properties>
                </test-case>
              </test-suite>
              <test-suite type="TestFixture" id="1122" name="VoxelMeshBuilderTests" fullname="ForeverEngine.Tests.EditMode.World.VoxelMeshBuilderTests" classname="ForeverEngine.Tests.EditMode.World.VoxelMeshBuilderTests" runstate="Runnable" testcasecount="2" result="Passed" start-time="2026-04-19 12:52:00Z" end-time="2026-04-19 12:52:00Z" duration="0.083567" total="2" passed="2" failed="0" inconclusive="0" skipped="0" asserts="0">
                <properties />
                <test-case id="1123" name="Build_AllAirChunk_ReturnsEmptyMesh" fullname="ForeverEngine.Tests.EditMode.World.VoxelMeshBuilderTests.Build_AllAirChunk_ReturnsEmptyMesh" methodname="Build_AllAirChunk_ReturnsEmptyMesh" classname="ForeverEngine.Tests.EditMode.World.VoxelMeshBuilderTests" runstate="Runnable" seed="190238934" result="Passed" start-time="2026-04-19 12:52:00Z" end-time="2026-04-19 12:52:00Z" duration="0.038654" asserts="0">
                  <properties>
                    <property name="retryIteration" value="0" />
                    <property name="repeatIteration" value="0" />
                  </properties>
                </test-case>
                <test-case id="1124" name="Build_HalfFilledChunk_ReturnsMeshWithTriangles" fullname="ForeverEngine.Tests.EditMode.World.VoxelMeshBuilderTests.Build_HalfFilledChunk_ReturnsMeshWithTriangles" methodname="Build_HalfFilledChunk_ReturnsMeshWithTriangles" classname="ForeverEngine.Tests.EditMode.World.VoxelMeshBuilderTests" runstate="Runnable" seed="421519042" result="Passed" start-time="2026-04-19 12:52:00Z" end-time="2026-04-19 12:52:00Z" duration="0.044109" asserts="0">
                  <properties>
                    <property name="retryIteration" value="0" />
                    <property name="repeatIteration" value="0" />
                  </properties>
                </test-case>
              </test-suite>
              <test-suite type="TestFixture" id="1125" name="VoxelWorldManagerQueueTests" fullname="ForeverEngine.Tests.EditMode.World.VoxelWorldManagerQueueTests" classname="ForeverEngine.Tests.EditMode.World.VoxelWorldManagerQueueTests" runstate="Runnable" testcasecount="2" result="Passed" start-time="2026-04-19 12:52:00Z" end-time="2026-04-19 12:52:00Z" duration="0.047311" total="2" passed="2" failed="0" inconclusive="0" skipped="0" asserts="0">
                <properties />
                <test-case id="1127" name="Depart_Cancels_PendingBuild" fullname="ForeverEngine.Tests.EditMode.World.VoxelWorldManagerQueueTests.Depart_Cancels_PendingBuild" methodname="Depart_Cancels_PendingBuild" classname="ForeverEngine.Tests.EditMode.World.VoxelWorldManagerQueueTests" runstate="Runnable" seed="1772950810" result="Passed" start-time="2026-04-19 12:52:00Z" end-time="2026-04-19 12:52:00Z" duration="0.010910" asserts="0">
                  <properties>
                    <property name="retryIteration" value="0" />
                    <property name="repeatIteration" value="0" />
                  </properties>
                </test-case>
                <test-case id="1126" name="PendingQueue_DrainsAtBoundedRate_PerUpdate" fullname="ForeverEngine.Tests.EditMode.World.VoxelWorldManagerQueueTests.PendingQueue_DrainsAtBoundedRate_PerUpdate" methodname="PendingQueue_DrainsAtBoundedRate_PerUpdate" classname="ForeverEngine.Tests.EditMode.World.VoxelWorldManagerQueueTests" runstate="Runnable" seed="119215448" result="Passed" start-time="2026-04-19 12:52:00Z" end-time="2026-04-19 12:52:00Z" duration="0.032192" asserts="0">
                  <properties>
                    <property name="retryIteration" value="0" />
                    <property name="repeatIteration" value="0" />
                  </properties>
                </test-case>
              </test-suite>
            </test-suite>
          </test-suite>
          <test-suite type="TestFixture" id="1025" name="FogRaycastJobTests" fullname="ForeverEngine.Tests.FogRaycastJobTests" classname="ForeverEngine.Tests.FogRaycastJobTests" runstate="Runnable" testcasecount="4" result="Passed" start-time="2026-04-19 12:52:00Z" end-time="2026-04-19 12:52:00Z" duration="0.007978" total="4" passed="4" failed="0" inconclusive="0" skipped="0" asserts="0">
            <properties />
            <test-case id="1028" name="DimJob_VisibleBecomesExplored" fullname="ForeverEngine.Tests.FogRaycastJobTests.DimJob_VisibleBecomesExplored" methodname="DimJob_VisibleBecomesExplored" classname="ForeverEngine.Tests.FogRaycastJobTests" runstate="Runnable" seed="1225903040" result="Passed" start-time="2026-04-19 12:52:00Z" end-time="2026-04-19 12:52:00Z" duration="0.001614" asserts="0">
              <properties>
                <property name="retryIteration" value="0" />
                <property name="repeatIteration" value="0" />
              </properties>
            </test-case>
            <test-case id="1026" name="OpenRoom_AllVisible" fullname="ForeverEngine.Tests.FogRaycastJobTests.OpenRoom_AllVisible" methodname="OpenRoom_AllVisible" classname="ForeverEngine.Tests.FogRaycastJobTests" runstate="Runnable" seed="590553157" result="Passed" start-time="2026-04-19 12:52:00Z" end-time="2026-04-19 12:52:00Z" duration="0.001346" asserts="0">
              <properties>
                <property name="retryIteration" value="0" />
                <property name="repeatIteration" value="0" />
              </properties>
            </test-case>
            <test-case id="1029" name="OutOfBounds_DoesNotCrash" fullname="ForeverEngine.Tests.FogRaycastJobTests.OutOfBounds_DoesNotCrash" methodname="OutOfBounds_DoesNotCrash" classname="ForeverEngine.Tests.FogRaycastJobTests" runstate="Runnable" seed="1208905818" result="Passed" start-time="2026-04-19 12:52:00Z" end-time="2026-04-19 12:52:00Z" duration="0.000346" asserts="0">
              <properties>
                <property name="retryIteration" value="0" />
                <property name="repeatIteration" value="0" />
              </properties>
            </test-case>
            <test-case id="1027" name="WallBlocks_BehindWall_NotVisible" fullname="ForeverEngine.Tests.FogRaycastJobTests.WallBlocks_BehindWall_NotVisible" methodname="WallBlocks_BehindWall_NotVisible" classname="ForeverEngine.Tests.FogRaycastJobTests" runstate="Runnable" seed="289543908" result="Passed" start-time="2026-04-19 12:52:00Z" end-time="2026-04-19 12:52:00Z" duration="0.000288" asserts="0">
              <properties>
                <property name="retryIteration" value="0" />
                <property name="repeatIteration" value="0" />
              </properties>
            </test-case>
          </test-suite>
          <test-suite type="TestFixture" id="1030" name="GenerationDataTests" fullname="ForeverEngine.Tests.GenerationDataTests" classname="ForeverEngine.Tests.GenerationDataTests" runstate="Runnable" testcasecount="6" result="Passed" start-time="2026-04-19 12:52:00Z" end-time="2026-04-19 12:52:00Z" duration="0.004561" total="6" passed="6" failed="0" inconclusive="0" skipped="0" asserts="0">
            <properties />
            <test-case id="1035" name="GameTables_XPBudget_Scales" fullname="ForeverEngine.Tests.GenerationDataTests.GameTables_XPBudget_Scales" methodname="GameTables_XPBudget_Scales" classname="ForeverEngine.Tests.GenerationDataTests" runstate="Runnable" seed="1560139719" result="Passed" start-time="2026-04-19 12:52:00Z" end-time="2026-04-19 12:52:00Z" duration="0.000980" asserts="0">
              <properties>
                <property name="retryIteration" value="0" />
                <property name="repeatIteration" value="0" />
              </properties>
            </test-case>
            <test-case id="1032" name="MapGenerationRequest_InvalidWidth" fullname="ForeverEngine.Tests.GenerationDataTests.MapGenerationRequest_InvalidWidth" methodname="MapGenerationRequest_InvalidWidth" classname="ForeverEngine.Tests.GenerationDataTests" runstate="Runnable" seed="1488893779" result="Passed" start-time="2026-04-19 12:52:00Z" end-time="2026-04-19 12:52:00Z" duration="0.000190" asserts="0">
              <properties>
                <property name="retryIteration" value="0" />
                <property name="repeatIteration" value="0" />
              </properties>
            </test-case>
            <test-case id="1031" name="MapGenerationRequest_Valid" fullname="ForeverEngine.Tests.GenerationDataTests.MapGenerationRequest_Valid" methodname="MapGenerationRequest_Valid" classname="ForeverEngine.Tests.GenerationDataTests" runstate="Runnable" seed="1079925074" result="Passed" start-time="2026-04-19 12:52:00Z" end-time="2026-04-19 12:52:00Z" duration="0.000048" asserts="0">
              <properties>
                <property name="retryIteration" value="0" />
                <property name="repeatIteration" value="0" />
              </properties>
            </test-case>
            <test-case id="1033" name="MapProfile_DungeonExists" fullname="ForeverEngine.Tests.GenerationDataTests.MapProfile_DungeonExists" methodname="MapProfile_DungeonExists" classname="ForeverEngine.Tests.GenerationDataTests" runstate="Runnable" seed="1684817473" result="Passed" start-time="2026-04-19 12:52:00Z" end-time="2026-04-19 12:52:00Z" duration="0.000664" asserts="0">
              <properties>
                <property name="retryIteration" value="0" />
                <property name="repeatIteration" value="0" />
              </properties>
            </test-case>
            <test-case id="1034" name="MapProfile_UnknownReturnsDungeon" fullname="ForeverEngine.Tests.GenerationDataTests.MapProfile_UnknownReturnsDungeon" methodname="MapProfile_UnknownReturnsDungeon" classname="ForeverEngine.Tests.GenerationDataTests" runstate="Runnable" seed="645473915" result="Passed" start-time="2026-04-19 12:52:00Z" end-time="2026-04-19 12:52:00Z" duration="0.000091" asserts="0">
              <properties>
                <property name="retryIteration" value="0" />
                <property name="repeatIteration" value="0" />
              </properties>
            </test-case>
            <test-case id="1036" name="RoomGraph_IsConnected" fullname="ForeverEngine.Tests.GenerationDataTests.RoomGraph_IsConnected" methodname="RoomGraph_IsConnected" classname="ForeverEngine.Tests.GenerationDataTests" runstate="Runnable" seed="1832376896" result="Passed" start-time="2026-04-19 12:52:00Z" end-time="2026-04-19 12:52:00Z" duration="0.001216" asserts="0">
              <properties>
                <property name="retryIteration" value="0" />
                <property name="repeatIteration" value="0" />
              </properties>
            </test-case>
          </test-suite>
          <test-suite type="TestFixture" id="1037" name="GenreTests" fullname="ForeverEngine.Tests.GenreTests" classname="ForeverEngine.Tests.GenreTests" runstate="Runnable" testcasecount="3" result="Passed" start-time="2026-04-19 12:52:00Z" end-time="2026-04-19 12:52:00Z" duration="0.001667" total="3" passed="3" failed="0" inconclusive="0" skipped="0" asserts="0">
            <properties />
            <test-case id="1040" name="HexGrid_DefenseBonus" fullname="ForeverEngine.Tests.GenreTests.HexGrid_DefenseBonus" methodname="HexGrid_DefenseBonus" classname="ForeverEngine.Tests.GenreTests" runstate="Runnable" seed="1475536903" result="Passed" start-time="2026-04-19 12:52:00Z" end-time="2026-04-19 12:52:00Z" duration="0.000666" asserts="0">
              <properties>
                <property name="retryIteration" value="0" />
                <property name="repeatIteration" value="0" />
              </properties>
            </test-case>
            <test-case id="1038" name="HexGrid_Distance" fullname="ForeverEngine.Tests.GenreTests.HexGrid_Distance" methodname="HexGrid_Distance" classname="ForeverEngine.Tests.GenreTests" runstate="Runnable" seed="914404272" result="Passed" start-time="2026-04-19 12:52:00Z" end-time="2026-04-19 12:52:00Z" duration="0.000133" asserts="0">
              <properties>
                <property name="retryIteration" value="0" />
                <property name="repeatIteration" value="0" />
              </properties>
            </test-case>
            <test-case id="1039" name="HexGrid_MovementCost" fullname="ForeverEngine.Tests.GenreTests.HexGrid_MovementCost" methodname="HexGrid_MovementCost" classname="ForeverEngine.Tests.GenreTests" runstate="Runnable" seed="473653038" result="Passed" start-time="2026-04-19 12:52:00Z" end-time="2026-04-19 12:52:00Z" duration="0.000117" asserts="0">
              <properties>
                <property name="retryIteration" value="0" />
                <property name="repeatIteration" value="0" />
              </properties>
            </test-case>
          </test-suite>
          <test-suite type="TestFixture" id="1041" name="InferenceTests" fullname="ForeverEngine.Tests.InferenceTests" classname="ForeverEngine.Tests.InferenceTests" runstate="Runnable" testcasecount="1" result="Passed" start-time="2026-04-19 12:52:00Z" end-time="2026-04-19 12:52:00Z" duration="0.000734" total="1" passed="1" failed="0" inconclusive="0" skipped="0" asserts="0">
            <properties />
            <test-case id="1042" name="InferenceRequest_ExecutesCallback" fullname="ForeverEngine.Tests.InferenceTests.InferenceRequest_ExecutesCallback" methodname="InferenceRequest_ExecutesCallback" classname="ForeverEngine.Tests.InferenceTests" runstate="Runnable" seed="1748038642" result="Passed" start-time="2026-04-19 12:52:00Z" end-time="2026-04-19 12:52:00Z" duration="0.000234" asserts="0">
              <properties>
                <property name="retryIteration" value="0" />
                <property name="repeatIteration" value="0" />
              </properties>
            </test-case>
          </test-suite>
          <test-suite type="TestFixture" id="1043" name="InventoryTests" fullname="ForeverEngine.Tests.InventoryTests" classname="ForeverEngine.Tests.InventoryTests" runstate="Runnable" testcasecount="11" result="Passed" start-time="2026-04-19 12:52:00Z" end-time="2026-04-19 12:52:00Z" duration="0.003989" total="11" passed="11" failed="0" inconclusive="0" skipped="0" asserts="0">
            <properties />
            <test-case id="1046" name="AddItem_FullInventory_Fails" fullname="ForeverEngine.Tests.InventoryTests.AddItem_FullInventory_Fails" methodname="AddItem_FullInventory_Fails" classname="ForeverEngine.Tests.InventoryTests" runstate="Runnable" seed="1327329842" result="Passed" start-time="2026-04-19 12:52:00Z" end-time="2026-04-19 12:52:00Z" duration="0.000405" asserts="0">
              <properties>
                <property name="retryIteration" value="0" />
                <property name="repeatIteration" value="0" />
              </properties>
            </test-case>
            <test-case id="1045" name="AddItem_IncreasesCount" fullname="ForeverEngine.Tests.InventoryTests.AddItem_IncreasesCount" methodname="AddItem_IncreasesCount" classname="ForeverEngine.Tests.InventoryTests" runstate="Runnable" seed="1812645149" result="Passed" start-time="2026-04-19 12:52:00Z" end-time="2026-04-19 12:52:00Z" duration="0.000149" asserts="0">
              <properties>
                <property name="retryIteration" value="0" />
                <property name="repeatIteration" value="0" />
              </properties>
            </test-case>
            <test-case id="1047" name="AddItem_Stackable_MergesStack" fullname="ForeverEngine.Tests.InventoryTests.AddItem_Stackable_MergesStack" methodname="AddItem_Stackable_MergesStack" classname="ForeverEngine.Tests.InventoryTests" runstate="Runnable" seed="928966674" result="Passed" start-time="2026-04-19 12:52:00Z" end-time="2026-04-19 12:52:00Z" duration="0.000255" asserts="0">
              <properties>
                <property name="retryIteration" value="0" />
                <property name="repeatIteration" value="0" />
              </properties>
            </test-case>
            <test-case id="1051" name="Equip_SetsEquipped" fullname="ForeverEngine.Tests.InventoryTests.Equip_SetsEquipped" methodname="Equip_SetsEquipped" classname="ForeverEngine.Tests.InventoryTests" runstate="Runnable" seed="1796342393" result="Passed" start-time="2026-04-19 12:52:00Z" end-time="2026-04-19 12:52:00Z" duration="0.000168" asserts="0">
              <properties>
                <property name="retryIteration" value="0" />
                <property name="repeatIteration" value="0" />
              </properties>
            </test-case>
            <test-case id="1053" name="Gold_AddAndRemove" fullname="ForeverEngine.Tests.InventoryTests.Gold_AddAndRemove" methodname="Gold_AddAndRemove" classname="ForeverEngine.Tests.InventoryTests" runstate="Runnable" seed="1086063252" result="Passed" start-time="2026-04-19 12:52:00Z" end-time="2026-04-19 12:52:00Z" duration="0.000134" asserts="0">
              <properties>
                <property name="retryIteration" value="0" />
                <property name="repeatIteration" value="0" />
              </properties>
            </test-case>
            <test-case id="1054" name="Gold_CantOverspend" fullname="ForeverEngine.Tests.InventoryTests.Gold_CantOverspend" methodname="Gold_CantOverspend" classname="ForeverEngine.Tests.InventoryTests" runstate="Runnable" seed="1368386749" result="Passed" start-time="2026-04-19 12:52:00Z" end-time="2026-04-19 12:52:00Z" duration="0.000082" asserts="0">
              <properties>
                <property name="retryIteration" value="0" />
                <property name="repeatIteration" value="0" />
              </properties>
            </test-case>
            <test-case id="1044" name="NewInventory_IsEmpty" fullname="ForeverEngine.Tests.InventoryTests.NewInventory_IsEmpty" methodname="NewInventory_IsEmpty" classname="ForeverEngine.Tests.InventoryTests" runstate="Runnable" seed="1790380541" result="Passed" start-time="2026-04-19 12:52:00Z" end-time="2026-04-19 12:52:00Z" duration="0.000087" asserts="0">
              <properties>
                <property name="retryIteration" value="0" />
                <property name="repeatIteration" value="0" />
              </properties>
            </test-case>
            <test-case id="1048" name="RemoveItem_DecreasesCount" fullname="ForeverEngine.Tests.InventoryTests.RemoveItem_DecreasesCount" methodname="RemoveItem_DecreasesCount" classname="ForeverEngine.Tests.InventoryTests" runstate="Runnable" seed="553382187" result="Passed" start-time="2026-04-19 12:52:00Z" end-time="2026-04-19 12:52:00Z" duration="0.000149" asserts="0">
              <properties>
                <property name="retryIteration" value="0" />
                <property name="repeatIteration" value="0" />
              </properties>
            </test-case>
            <test-case id="1049" name="RemoveItem_EntireStack_RemovesSlot" fullname="ForeverEngine.Tests.InventoryTests.RemoveItem_EntireStack_RemovesSlot" methodname="RemoveItem_EntireStack_RemovesSlot" classname="ForeverEngine.Tests.InventoryTests" runstate="Runnable" seed="2119618316" result="Passed" start-time="2026-04-19 12:52:00Z" end-time="2026-04-19 12:52:00Z" duration="0.000124" asserts="0">
              <properties>
                <property name="retryIteration" value="0" />
                <property name="repeatIteration" value="0" />
              </properties>
            </test-case>
            <test-case id="1050" name="RemoveItem_NotPresent_Fails" fullname="ForeverEngine.Tests.InventoryTests.RemoveItem_NotPresent_Fails" methodname="RemoveItem_NotPresent_Fails" classname="ForeverEngine.Tests.InventoryTests" runstate="Runnable" seed="1863200093" result="Passed" start-time="2026-04-19 12:52:00Z" end-time="2026-04-19 12:52:00Z" duration="0.000043" asserts="0">
              <properties>
                <property name="retryIteration" value="0" />
                <property name="repeatIteration" value="0" />
              </properties>
            </test-case>
            <test-case id="1052" name="Unequip_ClearsEquipped" fullname="ForeverEngine.Tests.InventoryTests.Unequip_ClearsEquipped" methodname="Unequip_ClearsEquipped" classname="ForeverEngine.Tests.InventoryTests" runstate="Runnable" seed="200653566" result="Passed" start-time="2026-04-19 12:52:00Z" end-time="2026-04-19 12:52:00Z" duration="0.000167" asserts="0">
              <properties>
                <property name="retryIteration" value="0" />
                <property name="repeatIteration" value="0" />
              </properties>
            </test-case>
          </test-suite>
          <test-suite type="TestFixture" id="1055" name="LayoutGenerationTests" fullname="ForeverEngine.Tests.LayoutGenerationTests" classname="ForeverEngine.Tests.LayoutGenerationTests" runstate="Runnable" testcasecount="4" result="Passed" start-time="2026-04-19 12:52:00Z" end-time="2026-04-19 12:52:00Z" duration="0.002688" total="4" passed="4" failed="0" inconclusive="0" skipped="0" asserts="0">
            <properties />
            <test-case id="1059" name="RoomPlacer_NoOverlapWithBorder" fullname="ForeverEngine.Tests.LayoutGenerationTests.RoomPlacer_NoOverlapWithBorder" methodname="RoomPlacer_NoOverlapWithBorder" classname="ForeverEngine.Tests.LayoutGenerationTests" runstate="Runnable" seed="1974496794" result="Passed" start-time="2026-04-19 12:52:00Z" end-time="2026-04-19 12:52:00Z" duration="0.000692" asserts="0">
              <properties>
                <property name="retryIteration" value="0" />
                <property name="repeatIteration" value="0" />
              </properties>
            </test-case>
            <test-case id="1058" name="TopologyBuilder_Hub_Connected" fullname="ForeverEngine.Tests.LayoutGenerationTests.TopologyBuilder_Hub_Connected" methodname="TopologyBuilder_Hub_Connected" classname="ForeverEngine.Tests.LayoutGenerationTests" runstate="Runnable" seed="1012127146" result="Passed" start-time="2026-04-19 12:52:00Z" end-time="2026-04-19 12:52:00Z" duration="0.000432" asserts="0">
              <properties>
                <property name="retryIteration" value="0" />
                <property name="repeatIteration" value="0" />
              </properties>
            </test-case>
            <test-case id="1056" name="TopologyBuilder_Linear_Connected" fullname="ForeverEngine.Tests.LayoutGenerationTests.TopologyBuilder_Linear_Connected" methodname="TopologyBuilder_Linear_Connected" classname="ForeverEngine.Tests.LayoutGenerationTests" runstate="Runnable" seed="1301018576" result="Passed" start-time="2026-04-19 12:52:00Z" end-time="2026-04-19 12:52:00Z" duration="0.000156" asserts="0">
              <properties>
                <property name="retryIteration" value="0" />
                <property name="repeatIteration" value="0" />
              </properties>
            </test-case>
            <test-case id="1057" name="TopologyBuilder_Loop_Connected" fullname="ForeverEngine.Tests.LayoutGenerationTests.TopologyBuilder_Loop_Connected" methodname="TopologyBuilder_Loop_Connected" classname="ForeverEngine.Tests.LayoutGenerationTests" runstate="Runnable" seed="30462840" result="Passed" start-time="2026-04-19 12:52:00Z" end-time="2026-04-19 12:52:00Z" duration="0.000242" asserts="0">
              <properties>
                <property name="retryIteration" value="0" />
                <property name="repeatIteration" value="0" />
              </properties>
            </test-case>
          </test-suite>
          <test-suite type="TestFixture" id="1060" name="MapDataStoreTests" fullname="ForeverEngine.Tests.MapDataStoreTests" classname="ForeverEngine.Tests.MapDataStoreTests" runstate="Runnable" testcasecount="5" result="Passed" start-time="2026-04-19 12:52:00Z" end-time="2026-04-19 12:52:00Z" duration="0.004718" total="5" passed="5" failed="0" inconclusive="0" skipped="0" asserts="0">
            <properties />
            <test-case id="1061" name="CreateStore_SetsWidthHeight" fullname="ForeverEngine.Tests.MapDataStoreTests.CreateStore_SetsWidthHeight" methodname="CreateStore_SetsWidthHeight" classname="ForeverEngine.Tests.MapDataStoreTests" runstate="Runnable" seed="1897358819" result="Passed" start-time="2026-04-19 12:52:00Z" end-time="2026-04-19 12:52:00Z" duration="0.000759" asserts="0">
              <properties>
                <property name="retryIteration" value="0" />
                <property name="repeatIteration" value="0" />
              </properties>
            </test-case>
            <test-case id="1063" name="FogGrid_InitializedUnexplored" fullname="ForeverEngine.Tests.MapDataStoreTests.FogGrid_InitializedUnexplored" methodname="FogGrid_InitializedUnexplored" classname="ForeverEngine.Tests.MapDataStoreTests" runstate="Runnable" seed="1357222503" result="Passed" start-time="2026-04-19 12:52:00Z" end-time="2026-04-19 12:52:00Z" duration="0.001586" asserts="0">
              <properties>
                <property name="retryIteration" value="0" />
                <property name="repeatIteration" value="0" />
              </properties>
            </test-case>
            <test-case id="1065" name="LoadZLevel_ParsesWalkabilityArray" fullname="ForeverEngine.Tests.MapDataStoreTests.LoadZLevel_ParsesWalkabilityArray" methodname="LoadZLevel_ParsesWalkabilityArray" classname="ForeverEngine.Tests.MapDataStoreTests" runstate="Runnable" seed="407506480" result="Passed" start-time="2026-04-19 12:52:00Z" end-time="2026-04-19 12:52:00Z" duration="0.000707" asserts="0">
              <properties>
                <property name="retryIteration" value="0" />
                <property name="repeatIteration" value="0" />
              </properties>
            </test-case>
            <test-case id="1064" name="SetWalkability_RoundTrips" fullname="ForeverEngine.Tests.MapDataStoreTests.SetWalkability_RoundTrips" methodname="SetWalkability_RoundTrips" classname="ForeverEngine.Tests.MapDataStoreTests" runstate="Runnable" seed="187141642" result="Passed" start-time="2026-04-19 12:52:00Z" end-time="2026-04-19 12:52:00Z" duration="0.000254" asserts="0">
              <properties>
                <property name="retryIteration" value="0" />
                <property name="repeatIteration" value="0" />
              </properties>
            </test-case>
            <test-case id="1062" name="Walkability_CorrectSize" fullname="ForeverEngine.Tests.MapDataStoreTests.Walkability_CorrectSize" methodname="Walkability_CorrectSize" classname="ForeverEngine.Tests.MapDataStoreTests" runstate="Runnable" seed="1851981567" result="Passed" start-time="2026-04-19 12:52:00Z" end-time="2026-04-19 12:52:00Z" duration="0.000116" asserts="0">
              <properties>
                <property name="retryIteration" value="0" />
                <property name="repeatIteration" value="0" />
              </properties>
            </test-case>
          </test-suite>
          <test-suite type="TestFixture" id="1066" name="PathfindJobTests" fullname="ForeverEngine.Tests.PathfindJobTests" classname="ForeverEngine.Tests.PathfindJobTests" runstate="Runnable" testcasecount="4" result="Passed" start-time="2026-04-19 12:52:00Z" end-time="2026-04-19 12:52:00Z" duration="0.005616" total="4" passed="4" failed="0" inconclusive="0" skipped="0" asserts="0">
            <properties />
            <test-case id="1069" name="Adjacent_StaysPut" fullname="ForeverEngine.Tests.PathfindJobTests.Adjacent_StaysPut" methodname="Adjacent_StaysPut" classname="ForeverEngine.Tests.PathfindJobTests" runstate="Runnable" seed="1372704391" result="Passed" start-time="2026-04-19 12:52:00Z" end-time="2026-04-19 12:52:00Z" duration="0.003085" asserts="0">
              <properties>
                <property name="retryIteration" value="0" />
                <property name="repeatIteration" value="0" />
              </properties>
            </test-case>
            <test-case id="1068" name="NavigatesAroundWall" fullname="ForeverEngine.Tests.PathfindJobTests.NavigatesAroundWall" methodname="NavigatesAroundWall" classname="ForeverEngine.Tests.PathfindJobTests" runstate="Runnable" seed="959209616" result="Passed" start-time="2026-04-19 12:52:00Z" end-time="2026-04-19 12:52:00Z" duration="0.000566" asserts="0">
              <properties>
                <property name="retryIteration" value="0" />
                <property name="repeatIteration" value="0" />
              </properties>
            </test-case>
            <test-case id="1070" name="NoPath_Blocked" fullname="ForeverEngine.Tests.PathfindJobTests.NoPath_Blocked" methodname="NoPath_Blocked" classname="ForeverEngine.Tests.PathfindJobTests" runstate="Runnable" seed="910973952" result="Passed" start-time="2026-04-19 12:52:00Z" end-time="2026-04-19 12:52:00Z" duration="0.000473" asserts="0">
              <properties>
                <property name="retryIteration" value="0" />
                <property name="repeatIteration" value="0" />
              </properties>
            </test-case>
            <test-case id="1067" name="StraightLine_FindsPath" fullname="ForeverEngine.Tests.PathfindJobTests.StraightLine_FindsPath" methodname="StraightLine_FindsPath" classname="ForeverEngine.Tests.PathfindJobTests" runstate="Runnable" seed="2131866763" result="Passed" start-time="2026-04-19 12:52:00Z" end-time="2026-04-19 12:52:00Z" duration="0.000464" asserts="0">
              <properties>
                <property name="retryIteration" value="0" />
                <property name="repeatIteration" value="0" />
              </properties>
            </test-case>
          </test-suite>
          <test-suite type="TestFixture" id="1071" name="PipelineTests" fullname="ForeverEngine.Tests.PipelineTests" classname="ForeverEngine.Tests.PipelineTests" runstate="Runnable" testcasecount="2" result="Passed" start-time="2026-04-19 12:52:00Z" end-time="2026-04-19 12:52:00Z" duration="0.010742" total="2" passed="2" failed="0" inconclusive="0" skipped="0" asserts="0">
            <properties />
            <test-case id="1072" name="Pipeline_DungeonSucceeds" fullname="ForeverEngine.Tests.PipelineTests.Pipeline_DungeonSucceeds" methodname="Pipeline_DungeonSucceeds" classname="ForeverEngine.Tests.PipelineTests" runstate="Runnable" seed="407078972" result="Passed" start-time="2026-04-19 12:52:00Z" end-time="2026-04-19 12:52:00Z" duration="0.009948" asserts="0">
              <properties>
                <property name="retryIteration" value="0" />
                <property name="repeatIteration" value="0" />
              </properties>
              <output><![CDATA[[Pipeline] Generation complete: dungeon 64x64, 14 rooms, 5 encounters
]]></output>
            </test-case>
            <test-case id="1073" name="Pipeline_InvalidRequest_Fails" fullname="ForeverEngine.Tests.PipelineTests.Pipeline_InvalidRequest_Fails" methodname="Pipeline_InvalidRequest_Fails" classname="ForeverEngine.Tests.PipelineTests" runstate="Runnable" seed="37745848" result="Passed" start-time="2026-04-19 12:52:00Z" end-time="2026-04-19 12:52:00Z" duration="0.000095" asserts="0">
              <properties>
                <property name="retryIteration" value="0" />
                <property name="repeatIteration" value="0" />
              </properties>
            </test-case>
          </test-suite>
          <test-suite type="TestFixture" id="1074" name="PlayerProfileTests" fullname="ForeverEngine.Tests.PlayerProfileTests" classname="ForeverEngine.Tests.PlayerProfileTests" runstate="Runnable" testcasecount="3" result="Passed" start-time="2026-04-19 12:52:00Z" end-time="2026-04-19 12:52:00Z" duration="0.001362" total="3" passed="3" failed="0" inconclusive="0" skipped="0" asserts="0">
            <properties />
            <test-case id="1076" name="GetPrimaryArchetype_Aggressive" fullname="ForeverEngine.Tests.PlayerProfileTests.GetPrimaryArchetype_Aggressive" methodname="GetPrimaryArchetype_Aggressive" classname="ForeverEngine.Tests.PlayerProfileTests" runstate="Runnable" seed="147514166" result="Passed" start-time="2026-04-19 12:52:00Z" end-time="2026-04-19 12:52:00Z" duration="0.000369" asserts="0">
              <properties>
                <property name="retryIteration" value="0" />
                <property name="repeatIteration" value="0" />
              </properties>
            </test-case>
            <test-case id="1077" name="MatchesTag" fullname="ForeverEngine.Tests.PlayerProfileTests.MatchesTag" methodname="MatchesTag" classname="ForeverEngine.Tests.PlayerProfileTests" runstate="Runnable" seed="687891651" result="Passed" start-time="2026-04-19 12:52:00Z" end-time="2026-04-19 12:52:00Z" duration="0.000112" asserts="0">
              <properties>
                <property name="retryIteration" value="0" />
                <property name="repeatIteration" value="0" />
              </properties>
            </test-case>
            <test-case id="1075" name="NewProfile_IsBalanced" fullname="ForeverEngine.Tests.PlayerProfileTests.NewProfile_IsBalanced" methodname="NewProfile_IsBalanced" classname="ForeverEngine.Tests.PlayerProfileTests" runstate="Runnable" seed="666882708" result="Passed" start-time="2026-04-19 12:52:00Z" end-time="2026-04-19 12:52:00Z" duration="0.000070" asserts="0">
              <properties>
                <property name="retryIteration" value="0" />
                <property name="repeatIteration" value="0" />
              </properties>
            </test-case>
          </test-suite>
          <test-suite type="TestFixture" id="1078" name="PopulationTests" fullname="ForeverEngine.Tests.PopulationTests" classname="ForeverEngine.Tests.PopulationTests" runstate="Runnable" testcasecount="3" result="Passed" start-time="2026-04-19 12:52:00Z" end-time="2026-04-19 12:52:00Z" duration="0.002093" total="3" passed="3" failed="0" inconclusive="0" skipped="0" asserts="0">
            <properties />
            <test-case id="1081" name="Population_DressingAlwaysPresent" fullname="ForeverEngine.Tests.PopulationTests.Population_DressingAlwaysPresent" methodname="Population_DressingAlwaysPresent" classname="ForeverEngine.Tests.PopulationTests" runstate="Runnable" seed="424658113" result="Passed" start-time="2026-04-19 12:52:00Z" end-time="2026-04-19 12:52:00Z" duration="0.000394" asserts="0">
              <properties>
                <property name="retryIteration" value="0" />
                <property name="repeatIteration" value="0" />
              </properties>
            </test-case>
            <test-case id="1080" name="Population_EncountersScaleWithLevel" fullname="ForeverEngine.Tests.PopulationTests.Population_EncountersScaleWithLevel" methodname="Population_EncountersScaleWithLevel" classname="ForeverEngine.Tests.PopulationTests" runstate="Runnable" seed="392372540" result="Passed" start-time="2026-04-19 12:52:00Z" end-time="2026-04-19 12:52:00Z" duration="0.000605" asserts="0">
              <properties>
                <property name="retryIteration" value="0" />
                <property name="repeatIteration" value="0" />
              </properties>
            </test-case>
            <test-case id="1079" name="Population_HasPlayerSpawn" fullname="ForeverEngine.Tests.PopulationTests.Population_HasPlayerSpawn" methodname="Population_HasPlayerSpawn" classname="ForeverEngine.Tests.PopulationTests" runstate="Runnable" seed="117637900" result="Passed" start-time="2026-04-19 12:52:00Z" end-time="2026-04-19 12:52:00Z" duration="0.000348" asserts="0">
              <properties>
                <property name="retryIteration" value="0" />
                <property name="repeatIteration" value="0" />
              </properties>
            </test-case>
          </test-suite>
          <test-suite type="TestFixture" id="1082" name="QuestTests" fullname="ForeverEngine.Tests.QuestTests" classname="ForeverEngine.Tests.QuestTests" runstate="Runnable" testcasecount="6" result="Passed" start-time="2026-04-19 12:52:00Z" end-time="2026-04-19 12:52:00Z" duration="0.002385" total="6" passed="6" failed="0" inconclusive="0" skipped="0" asserts="0">
            <properties />
            <test-case id="1086" name="CompleteAllObjectives_CompletesQuest" fullname="ForeverEngine.Tests.QuestTests.CompleteAllObjectives_CompletesQuest" methodname="CompleteAllObjectives_CompletesQuest" classname="ForeverEngine.Tests.QuestTests" runstate="Runnable" seed="8034756" result="Passed" start-time="2026-04-19 12:52:00Z" end-time="2026-04-19 12:52:00Z" duration="0.000358" asserts="0">
              <properties>
                <property name="retryIteration" value="0" />
                <property name="repeatIteration" value="0" />
              </properties>
            </test-case>
            <test-case id="1087" name="MultipleObjectives_AllMustComplete" fullname="ForeverEngine.Tests.QuestTests.MultipleObjectives_AllMustComplete" methodname="MultipleObjectives_AllMustComplete" classname="ForeverEngine.Tests.QuestTests" runstate="Runnable" seed="389761140" result="Passed" start-time="2026-04-19 12:52:00Z" end-time="2026-04-19 12:52:00Z" duration="0.000187" asserts="0">
              <properties>
                <property name="retryIteration" value="0" />
                <property name="repeatIteration" value="0" />
              </properties>
            </test-case>
            <test-case id="1083" name="NewQuest_IsNotStarted" fullname="ForeverEngine.Tests.QuestTests.NewQuest_IsNotStarted" methodname="NewQuest_IsNotStarted" classname="ForeverEngine.Tests.QuestTests" runstate="Runnable" seed="1237572358" result="Passed" start-time="2026-04-19 12:52:00Z" end-time="2026-04-19 12:52:00Z" duration="0.000054" asserts="0">
              <properties>
                <property name="retryIteration" value="0" />
                <property name="repeatIteration" value="0" />
              </properties>
            </test-case>
            <test-case id="1088" name="ProgressBeforeStart_DoesNothing" fullname="ForeverEngine.Tests.QuestTests.ProgressBeforeStart_DoesNothing" methodname="ProgressBeforeStart_DoesNothing" classname="ForeverEngine.Tests.QuestTests" runstate="Runnable" seed="1186848765" result="Passed" start-time="2026-04-19 12:52:00Z" end-time="2026-04-19 12:52:00Z" duration="0.000109" asserts="0">
              <properties>
                <property name="retryIteration" value="0" />
                <property name="repeatIteration" value="0" />
              </properties>
            </test-case>
            <test-case id="1085" name="ProgressObjective_TracksCount" fullname="ForeverEngine.Tests.QuestTests.ProgressObjective_TracksCount" methodname="ProgressObjective_TracksCount" classname="ForeverEngine.Tests.QuestTests" runstate="Runnable" seed="170165142" result="Passed" start-time="2026-04-19 12:52:00Z" end-time="2026-04-19 12:52:00Z" duration="0.000091" asserts="0">
              <properties>
                <property name="retryIteration" value="0" />
                <property name="repeatIteration" value="0" />
              </properties>
            </test-case>
            <test-case id="1084" name="StartQuest_ChangesStatus" fullname="ForeverEngine.Tests.QuestTests.StartQuest_ChangesStatus" methodname="StartQuest_ChangesStatus" classname="ForeverEngine.Tests.QuestTests" runstate="Runnable" seed="1030820185" result="Passed" start-time="2026-04-19 12:52:00Z" end-time="2026-04-19 12:52:00Z" duration="0.000079" asserts="0">
              <properties>
                <property name="retryIteration" value="0" />
                <property name="repeatIteration" value="0" />
              </properties>
            </test-case>
          </test-suite>
          <test-suite type="TestFixture" id="1089" name="SaveLoadTests" fullname="ForeverEngine.Tests.SaveLoadTests" classname="ForeverEngine.Tests.SaveLoadTests" runstate="Runnable" testcasecount="3" result="Passed" start-time="2026-04-19 12:52:00Z" end-time="2026-04-19 12:52:00Z" duration="0.001446" total="3" passed="3" failed="0" inconclusive="0" skipped="0" asserts="0">
            <properties />
            <test-case id="1091" name="SaveData_DeserializesFromJson" fullname="ForeverEngine.Tests.SaveLoadTests.SaveData_DeserializesFromJson" methodname="SaveData_DeserializesFromJson" classname="ForeverEngine.Tests.SaveLoadTests" runstate="Runnable" seed="1763651779" result="Passed" start-time="2026-04-19 12:52:00Z" end-time="2026-04-19 12:52:00Z" duration="0.000387" asserts="0">
              <properties>
                <property name="retryIteration" value="0" />
                <property name="repeatIteration" value="0" />
              </properties>
            </test-case>
            <test-case id="1092" name="SaveData_RoundTrip_Preserves" fullname="ForeverEngine.Tests.SaveLoadTests.SaveData_RoundTrip_Preserves" methodname="SaveData_RoundTrip_Preserves" classname="ForeverEngine.Tests.SaveLoadTests" runstate="Runnable" seed="1976205349" result="Passed" start-time="2026-04-19 12:52:00Z" end-time="2026-04-19 12:52:00Z" duration="0.000168" asserts="0">
              <properties>
                <property name="retryIteration" value="0" />
                <property name="repeatIteration" value="0" />
              </properties>
            </test-case>
            <test-case id="1090" name="SaveData_SerializesToJson" fullname="ForeverEngine.Tests.SaveLoadTests.SaveData_SerializesToJson" methodname="SaveData_SerializesToJson" classname="ForeverEngine.Tests.SaveLoadTests" runstate="Runnable" seed="162733487" result="Passed" start-time="2026-04-19 12:52:00Z" end-time="2026-04-19 12:52:00Z" duration="0.000148" asserts="0">
              <properties>
                <property name="retryIteration" value="0" />
                <property name="repeatIteration" value="0" />
              </properties>
            </test-case>
          </test-suite>
          <test-suite type="TestFixture" id="1093" name="SelfHealingTests" fullname="ForeverEngine.Tests.SelfHealingTests" classname="ForeverEngine.Tests.SelfHealingTests" runstate="Runnable" testcasecount="4" result="Passed" start-time="2026-04-19 12:52:00Z" end-time="2026-04-19 12:52:00Z" duration="0.007340" total="4" passed="4" failed="0" inconclusive="0" skipped="0" asserts="0">
            <properties />
            <test-case id="1097" name="FaultBoundary_DisabledSkips" fullname="ForeverEngine.Tests.SelfHealingTests.FaultBoundary_DisabledSkips" methodname="FaultBoundary_DisabledSkips" classname="ForeverEngine.Tests.SelfHealingTests" runstate="Runnable" seed="1864236128" result="Passed" start-time="2026-04-19 12:52:00Z" end-time="2026-04-19 12:52:00Z" duration="0.002089" asserts="0">
              <properties>
                <property name="retryIteration" value="0" />
                <property name="repeatIteration" value="0" />
              </properties>
              <output><![CDATA[[SelfHeal] test failed (1/1): Exception of type 'System.Exception' was thrown.
[SelfHeal] test disabled
]]></output>
            </test-case>
            <test-case id="1095" name="FaultBoundary_FailureDisables" fullname="ForeverEngine.Tests.SelfHealingTests.FaultBoundary_FailureDisables" methodname="FaultBoundary_FailureDisables" classname="ForeverEngine.Tests.SelfHealingTests" runstate="Runnable" seed="1685335598" result="Passed" start-time="2026-04-19 12:52:00Z" end-time="2026-04-19 12:52:00Z" duration="0.001649" asserts="0">
              <properties>
                <property name="retryIteration" value="0" />
                <property name="repeatIteration" value="0" />
              </properties>
              <output><![CDATA[[SelfHeal] test failed (1/2): Exception of type 'System.Exception' was thrown.
[SelfHeal] test failed (2/2): Exception of type 'System.Exception' was thrown.
[SelfHeal] test disabled
]]></output>
            </test-case>
            <test-case id="1096" name="FaultBoundary_Recovery" fullname="ForeverEngine.Tests.SelfHealingTests.FaultBoundary_Recovery" methodname="FaultBoundary_Recovery" classname="ForeverEngine.Tests.SelfHealingTests" runstate="Runnable" seed="1114505917" result="Passed" start-time="2026-04-19 12:52:00Z" end-time="2026-04-19 12:52:00Z" duration="0.002234" asserts="0">
              <properties>
                <property name="retryIteration" value="0" />
                <property name="repeatIteration" value="0" />
              </properties>
              <output><![CDATA[[SelfHeal] test failed (1/2): Exception of type 'System.Exception' was thrown.
[SelfHeal] test failed (2/2): Exception of type 'System.Exception' was thrown.
[SelfHeal] test disabled
[SelfHeal] Recovering test
]]></output>
            </test-case>
            <test-case id="1094" name="FaultBoundary_SuccessResets" fullname="ForeverEngine.Tests.SelfHealingTests.FaultBoundary_SuccessResets" methodname="FaultBoundary_SuccessResets" classname="ForeverEngine.Tests.SelfHealingTests" runstate="Runnable" seed="103649376" result="Passed" start-time="2026-04-19 12:52:00Z" end-time="2026-04-19 12:52:00Z" duration="0.000324" asserts="0">
              <properties>
                <property name="retryIteration" value="0" />
                <property name="repeatIteration" value="0" />
              </properties>
            </test-case>
          </test-suite>
          <test-suite type="TestFixture" id="1098" name="StatsComponentTests" fullname="ForeverEngine.Tests.StatsComponentTests" classname="ForeverEngine.Tests.StatsComponentTests" runstate="Runnable" testcasecount="5" result="Passed" start-time="2026-04-19 12:52:00Z" end-time="2026-04-19 12:52:00Z" duration="0.002864" total="5" passed="5" failed="0" inconclusive="0" skipped="0" asserts="0">
            <properties />
            <test-case id="1099" name="Default_AllScores10" fullname="ForeverEngine.Tests.StatsComponentTests.Default_AllScores10" methodname="Default_AllScores10" classname="ForeverEngine.Tests.StatsComponentTests" runstate="Runnable" seed="1489223430" result="Passed" start-time="2026-04-19 12:52:00Z" end-time="2026-04-19 12:52:00Z" duration="0.000204" asserts="0">
              <properties>
                <property name="retryIteration" value="0" />
                <property name="repeatIteration" value="0" />
              </properties>
            </test-case>
            <test-case id="1102" name="HPPercent_Dead" fullname="ForeverEngine.Tests.StatsComponentTests.HPPercent_Dead" methodname="HPPercent_Dead" classname="ForeverEngine.Tests.StatsComponentTests" runstate="Runnable" seed="1929744978" result="Passed" start-time="2026-04-19 12:52:00Z" end-time="2026-04-19 12:52:00Z" duration="0.000556" asserts="0">
              <properties>
                <property name="retryIteration" value="0" />
                <property name="repeatIteration" value="0" />
              </properties>
            </test-case>
            <test-case id="1101" name="HPPercent_HalfHealth" fullname="ForeverEngine.Tests.StatsComponentTests.HPPercent_HalfHealth" methodname="HPPercent_HalfHealth" classname="ForeverEngine.Tests.StatsComponentTests" runstate="Runnable" seed="932147741" result="Passed" start-time="2026-04-19 12:52:00Z" end-time="2026-04-19 12:52:00Z" duration="0.000102" asserts="0">
              <properties>
                <property name="retryIteration" value="0" />
                <property name="repeatIteration" value="0" />
              </properties>
            </test-case>
            <test-case id="1103" name="HPPercent_ZeroMaxHP_ReturnsZero" fullname="ForeverEngine.Tests.StatsComponentTests.HPPercent_ZeroMaxHP_ReturnsZero" methodname="HPPercent_ZeroMaxHP_ReturnsZero" classname="ForeverEngine.Tests.StatsComponentTests" runstate="Runnable" seed="620720023" result="Passed" start-time="2026-04-19 12:52:00Z" end-time="2026-04-19 12:52:00Z" duration="0.000108" asserts="0">
              <properties>
                <property name="retryIteration" value="0" />
                <property name="repeatIteration" value="0" />
              </properties>
            </test-case>
            <test-case id="1100" name="Modifiers_Correct" fullname="ForeverEngine.Tests.StatsComponentTests.Modifiers_Correct" methodname="Modifiers_Correct" classname="ForeverEngine.Tests.StatsComponentTests" runstate="Runnable" seed="898946381" result="Passed" start-time="2026-04-19 12:52:00Z" end-time="2026-04-19 12:52:00Z" duration="0.000124" asserts="0">
              <properties>
                <property name="retryIteration" value="0" />
                <property name="repeatIteration" value="0" />
              </properties>
            </test-case>
          </test-suite>
          <test-suite type="TestFixture" id="1104" name="TerrainGenerationTests" fullname="ForeverEngine.Tests.TerrainGenerationTests" classname="ForeverEngine.Tests.TerrainGenerationTests" runstate="Runnable" testcasecount="4" result="Passed" start-time="2026-04-19 12:52:00Z" end-time="2026-04-19 12:52:00Z" duration="0.007460" total="4" passed="4" failed="0" inconclusive="0" skipped="0" asserts="0">
            <properties />
            <test-case id="1108" name="CaveCarver_KeepsLargestRegion" fullname="ForeverEngine.Tests.TerrainGenerationTests.CaveCarver_KeepsLargestRegion" methodname="CaveCarver_KeepsLargestRegion" classname="ForeverEngine.Tests.TerrainGenerationTests" runstate="Runnable" seed="1097449329" result="Passed" start-time="2026-04-19 12:52:00Z" end-time="2026-04-19 12:52:00Z" duration="0.000838" asserts="0">
              <properties>
                <property name="retryIteration" value="0" />
                <property name="repeatIteration" value="0" />
              </properties>
            </test-case>
            <test-case id="1106" name="PerlinNoise_Deterministic" fullname="ForeverEngine.Tests.TerrainGenerationTests.PerlinNoise_Deterministic" methodname="PerlinNoise_Deterministic" classname="ForeverEngine.Tests.TerrainGenerationTests" runstate="Runnable" seed="1281830709" result="Passed" start-time="2026-04-19 12:52:00Z" end-time="2026-04-19 12:52:00Z" duration="0.000133" asserts="0">
              <properties>
                <property name="retryIteration" value="0" />
                <property name="repeatIteration" value="0" />
              </properties>
            </test-case>
            <test-case id="1105" name="PerlinNoise_InRange" fullname="ForeverEngine.Tests.TerrainGenerationTests.PerlinNoise_InRange" methodname="PerlinNoise_InRange" classname="ForeverEngine.Tests.TerrainGenerationTests" runstate="Runnable" seed="970318808" result="Passed" start-time="2026-04-19 12:52:00Z" end-time="2026-04-19 12:52:00Z" duration="0.001769" asserts="0">
              <properties>
                <property name="retryIteration" value="0" />
                <property name="repeatIteration" value="0" />
              </properties>
            </test-case>
            <test-case id="1107" name="TerrainGenerator_ProducesWalkable" fullname="ForeverEngine.Tests.TerrainGenerationTests.TerrainGenerator_ProducesWalkable" methodname="TerrainGenerator_ProducesWalkable" classname="ForeverEngine.Tests.TerrainGenerationTests" runstate="Runnable" seed="1868408572" result="Passed" start-time="2026-04-19 12:52:00Z" end-time="2026-04-19 12:52:00Z" duration="0.003309" asserts="0">
              <properties>
                <property name="retryIteration" value="0" />
                <property name="repeatIteration" value="0" />
              </properties>
            </test-case>
          </test-suite>
          <test-suite type="TestSuite" id="1155" name="World" fullname="ForeverEngine.Tests.World" runstate="Runnable" testcasecount="5" result="Passed" start-time="2026-04-19 12:52:00Z" end-time="2026-04-19 12:52:00Z" duration="0.010033" total="5" passed="5" failed="0" inconclusive="0" skipped="0" asserts="0">
            <properties />
            <test-suite type="TestFixture" id="1128" name="BiomeMaterialCatalogTests" fullname="ForeverEngine.Tests.World.BiomeMaterialCatalogTests" classname="ForeverEngine.Tests.World.BiomeMaterialCatalogTests" runstate="Runnable" testcasecount="2" result="Passed" start-time="2026-04-19 12:52:00Z" end-time="2026-04-19 12:52:00Z" duration="0.004221" total="2" passed="2" failed="0" inconclusive="0" skipped="0" asserts="0">
              <properties />
              <test-case id="1130" name="GetMaterial_AssignedBiome_ReturnsMaterial" fullname="ForeverEngine.Tests.World.BiomeMaterialCatalogTests.GetMaterial_AssignedBiome_ReturnsMaterial" methodname="GetMaterial_AssignedBiome_ReturnsMaterial" classname="ForeverEngine.Tests.World.BiomeMaterialCatalogTests" runstate="Runnable" seed="1963817786" result="Passed" start-time="2026-04-19 12:52:00Z" end-time="2026-04-19 12:52:00Z" duration="0.003061" asserts="0">
                <properties>
                  <property name="retryIteration" value="0" />
                  <property name="repeatIteration" value="0" />
                </properties>
              </test-case>
              <test-case id="1129" name="GetMaterial_NoEntries_ReturnsNull" fullname="ForeverEngine.Tests.World.BiomeMaterialCatalogTests.GetMaterial_NoEntries_ReturnsNull" methodname="GetMaterial_NoEntries_ReturnsNull" classname="ForeverEngine.Tests.World.BiomeMaterialCatalogTests" runstate="Runnable" seed="986636981" result="Passed" start-time="2026-04-19 12:52:00Z" end-time="2026-04-19 12:52:00Z" duration="0.000333" asserts="0">
                <properties>
                  <property name="retryIteration" value="0" />
                  <property name="repeatIteration" value="0" />
                </properties>
              </test-case>
            </test-suite>
            <test-suite type="TestFixture" id="1131" name="BiomePropCatalogTests" fullname="ForeverEngine.Tests.World.BiomePropCatalogTests" classname="ForeverEngine.Tests.World.BiomePropCatalogTests" runstate="Runnable" testcasecount="2" result="Passed" start-time="2026-04-19 12:52:00Z" end-time="2026-04-19 12:52:00Z" duration="0.001384" total="2" passed="2" failed="0" inconclusive="0" skipped="0" asserts="0">
              <properties />
              <test-case id="1133" name="GetRules_AssignedBiome_ReturnsMatchingRules" fullname="ForeverEngine.Tests.World.BiomePropCatalogTests.GetRules_AssignedBiome_ReturnsMatchingRules" methodname="GetRules_AssignedBiome_ReturnsMatchingRules" classname="ForeverEngine.Tests.World.BiomePropCatalogTests" runstate="Runnable" seed="2119573845" result="Passed" start-time="2026-04-19 12:52:00Z" end-time="2026-04-19 12:52:00Z" duration="0.000653" asserts="0">
                <properties>
                  <property name="retryIteration" value="0" />
                  <property name="repeatIteration" value="0" />
                </properties>
              </test-case>
              <test-case id="1132" name="GetRules_NoEntries_ReturnsEmpty" fullname="ForeverEngine.Tests.World.BiomePropCatalogTests.GetRules_NoEntries_ReturnsEmpty" methodname="GetRules_NoEntries_ReturnsEmpty" classname="ForeverEngine.Tests.World.BiomePropCatalogTests" runstate="Runnable" seed="1258171466" result="Passed" start-time="2026-04-19 12:52:00Z" end-time="2026-04-19 12:52:00Z" duration="0.000159" asserts="0">
                <properties>
                  <property name="retryIteration" value="0" />
                  <property name="repeatIteration" value="0" />
                </properties>
              </test-case>
            </test-suite>
            <test-suite type="TestFixture" id="1134" name="ChunkColliderRadiusTests" fullname="ForeverEngine.Tests.World.ChunkColliderRadiusTests" classname="ForeverEngine.Tests.World.ChunkColliderRadiusTests" runstate="Runnable" testcasecount="1" result="Passed" start-time="2026-04-19 12:52:00Z" end-time="2026-04-19 12:52:00Z" duration="0.003780" total="1" passed="1" failed="0" inconclusive="0" skipped="0" asserts="0">
              <properties />
              <test-case id="1135" name="ChebyshevDistance_MaxOfAxisDeltas" fullname="ForeverEngine.Tests.World.ChunkColliderRadiusTests.ChebyshevDistance_MaxOfAxisDeltas" methodname="ChebyshevDistance_MaxOfAxisDeltas" classname="ForeverEngine.Tests.World.ChunkColliderRadiusTests" runstate="Runnable" seed="1987610093" result="Passed" start-time="2026-04-19 12:52:00Z" end-time="2026-04-19 12:52:00Z" duration="0.000219" asserts="0">
                <properties>
                  <property name="retryIteration" value="0" />
                  <property name="repeatIteration" value="0" />
                </properties>
                <output><![CDATA[Saving results to: C:/Users/bp303/AppData/LocalLow/DefaultCompany/Forever engin\TestResults.xml
]]></output>
              </test-case>
            </test-suite>
          </test-suite>
        </test-suite>
      </test-suite>
    </test-suite>
  </test-suite>
</test-run>